<?xml version="1.0" encoding="UTF-8"?>
<!-- Generated by org.testng.reporters.JUnitReportReporter -->
<testsuite hostname="DESKTOP-EBG4U9O" failures="0" tests="1" name="TestScripts.Registertest" time="9.343" errors="0" timestamp="2024-08-08T07:37:33 IST" skipped="0">
  <testcase classname="TestScripts.Registertest" name="registeringToApplication" time="9.343"/>
  <system-out/>
</testsuite> <!-- TestScripts.Registertest -->
