<?xml version="1.0" encoding="UTF-8"?>
<!-- Generated by org.testng.reporters.JUnitReportReporter -->
<testsuite hostname="DESKTOP-EBG4U9O" failures="0" tests="1" name="TestScripts.Registertest" time="7.353" errors="0" timestamp="2024-11-21T18:38:16 IST" skipped="0">
  <testcase classname="TestScripts.Registertest" name="registeringToApplication" time="7.353"/>
  <system-out/>
</testsuite> <!-- TestScripts.Registertest -->
